<?xml version="1.0" encoding="UTF-8"?>
<!-- Generated by org.testng.reporters.JUnitXMLReporter -->
<testsuite ignored="0" hostname="DESKTOP-JC7Q0C0" failures="0" tests="11" name="LinuxChromeTest" time="95.918" errors="0" timestamp="2026-06-19T12:24:11 IST">
  <testcase classname="testCases.TC002_LoginTest" name="logincredentials" time="3.855"/>
  <testcase classname="testCases.TC001_AccountRegistrationTest" name="verify_account_registration" time="4.977"/>
  <testcase classname="testCases.TC003_LoginDDT" name="verify_ddt_login" time="8.629"/>
  <testcase classname="testCases.TC003_LoginDDT" name="verify_ddt_login" time="9.313"/>
  <testcase classname="testCases.TC003_LoginDDT" name="verify_ddt_login" time="8.492"/>
  <testcase classname="testCases.TC003_LoginDDT" name="verify_ddt_login" time="7.671"/>
  <testcase classname="testCases.TC003_LoginDDT" name="verify_ddt_login" time="3.861"/>
  <testcase classname="testCases.TC004_Invalid_Login" name="verify_invalid_login" time="3.916"/>
  <testcase classname="testCases.TC005_Logout" name="verify_logout" time="4.722"/>
  <testcase classname="testCases.TC006_SearchValidProduct" name="valid_product_search" time="1.281"/>
  <testcase classname="testCases.TC006_SearchValidProduct" name="emptySearch" time="2.149"/>
</testsuite> <!-- LinuxChromeTest -->
