<?xml version="1.0" encoding="UTF-8"?>
<!-- Generated by org.testng.reporters.JUnitXMLReporter -->
<testsuite ignored="0" hostname="DESKTOP-JC7Q0C0" failures="0" tests="11" name="LinuxEdgeTest" time="96.467" errors="0" timestamp="2026-06-19T12:24:13 IST">
  <testcase classname="testCases.TC002_LoginTest" name="logincredentials" time="4.061"/>
  <testcase classname="testCases.TC001_AccountRegistrationTest" name="verify_account_registration" time="4.611"/>
  <testcase classname="testCases.TC003_LoginDDT" name="verify_ddt_login" time="8.086"/>
  <testcase classname="testCases.TC003_LoginDDT" name="verify_ddt_login" time="9.755"/>
  <testcase classname="testCases.TC003_LoginDDT" name="verify_ddt_login" time="7.726"/>
  <testcase classname="testCases.TC003_LoginDDT" name="verify_ddt_login" time="7.174"/>
  <testcase classname="testCases.TC003_LoginDDT" name="verify_ddt_login" time="4.216"/>
  <testcase classname="testCases.TC004_Invalid_Login" name="verify_invalid_login" time="2.92"/>
  <testcase classname="testCases.TC005_Logout" name="verify_logout" time="5.115"/>
  <testcase classname="testCases.TC006_SearchValidProduct" name="valid_product_search" time="1.367"/>
  <testcase classname="testCases.TC006_SearchValidProduct" name="emptySearch" time="2.053"/>
</testsuite> <!-- LinuxEdgeTest -->
