<?xml version="1.0" encoding="UTF-8"?>
<!-- Generated by org.testng.reporters.JUnitXMLReporter -->
<testsuite ignored="0" hostname="DESKTOP-JC7Q0C0" failures="0" tests="8" name="Linux-chrome" time="49.508" errors="0" timestamp="2026-05-08T08:17:13 IST">
  <testcase classname="testCases.TC001_AccountRegistrationTest" name="verify_account_registration" time="3.038"/>
  <testcase classname="testCases.TC002_LoginTest" name="logincredentials" time="1.576"/>
  <testcase classname="testCases.TC003_LoginDDT" name="verify_ddt_login" time="2.004"/>
  <testcase classname="testCases.TC003_LoginDDT" name="verify_ddt_login" time="7.068"/>
  <testcase classname="testCases.TC003_LoginDDT" name="verify_ddt_login" time="6.314"/>
  <testcase classname="testCases.TC003_LoginDDT" name="verify_ddt_login" time="7.134"/>
  <testcase classname="testCases.TC003_LoginDDT" name="verify_ddt_login" time="2.856"/>
  <testcase classname="testCases.TC004_Invalid_Login" name="verify_invalid_login" time="1.534"/>
</testsuite> <!-- Linux-chrome -->
