<?xml version="1.0" encoding="UTF-8"?>
<!-- Generated by org.testng.reporters.JUnitXMLReporter -->
<testsuite ignored="0" hostname="DESKTOP-JC7Q0C0" failures="0" tests="11" name="LinuxFireFoxTest" time="127.53" errors="0" timestamp="2026-06-19T12:24:43 IST">
  <testcase classname="testCases.TC002_LoginTest" name="logincredentials" time="2.563"/>
  <testcase classname="testCases.TC001_AccountRegistrationTest" name="verify_account_registration" time="4.766"/>
  <testcase classname="testCases.TC003_LoginDDT" name="verify_ddt_login" time="5.283"/>
  <testcase classname="testCases.TC003_LoginDDT" name="verify_ddt_login" time="7.762"/>
  <testcase classname="testCases.TC003_LoginDDT" name="verify_ddt_login" time="7.17"/>
  <testcase classname="testCases.TC003_LoginDDT" name="verify_ddt_login" time="8.179"/>
  <testcase classname="testCases.TC003_LoginDDT" name="verify_ddt_login" time="4.495"/>
  <testcase classname="testCases.TC004_Invalid_Login" name="verify_invalid_login" time="2.01"/>
  <testcase classname="testCases.TC005_Logout" name="verify_logout" time="3.531"/>
  <testcase classname="testCases.TC006_SearchValidProduct" name="valid_product_search" time="0.858"/>
  <testcase classname="testCases.TC006_SearchValidProduct" name="emptySearch" time="1.448"/>
</testsuite> <!-- LinuxFireFoxTest -->
