<?xml version="1.0" encoding="UTF-8"?>
<!-- Generated by org.testng.reporters.JUnitXMLReporter -->
<testsuite ignored="0" hostname="DESKTOP-JC7Q0C0" failures="0" tests="9" name="Linux-chrome" time="56.83" errors="0" timestamp="2026-06-17T10:00:18 IST">
  <testcase classname="testCases.TC001_AccountRegistrationTest" name="verify_account_registration" time="2.332"/>
  <testcase classname="testCases.TC002_LoginTest" name="logincredentials" time="2.144"/>
  <testcase classname="testCases.TC003_LoginDDT" name="verify_ddt_login" time="1.816"/>
  <testcase classname="testCases.TC003_LoginDDT" name="verify_ddt_login" time="5.716"/>
  <testcase classname="testCases.TC003_LoginDDT" name="verify_ddt_login" time="5.68"/>
  <testcase classname="testCases.TC003_LoginDDT" name="verify_ddt_login" time="6.683"/>
  <testcase classname="testCases.TC003_LoginDDT" name="verify_ddt_login" time="5.098"/>
  <testcase classname="testCases.TC004_Invalid_Login" name="verify_invalid_login" time="1.487"/>
  <testcase classname="testCases.TC011_ProductPriceDetails" name="productPricedetails" time="1.714"/>
</testsuite> <!-- Linux-chrome -->
