<?xml version="1.0" encoding="UTF-8"?>
<!-- Generated by org.testng.reporters.JUnitXMLReporter -->
<testsuite ignored="0" hostname="DESKTOP-JC7Q0C0" failures="0" tests="15" name="Test" time="72.675" errors="0" timestamp="2026-06-19T22:44:39 IST">
  <testcase classname="testCases.TC002_LoginTest" name="logincredentials" time="2.343"/>
  <testcase classname="testCases.TC010_ProductDetails" name="productDetailsValidation" time="1.952"/>
  <testcase classname="testCases.TC011_ProductPriceDetails" name="productPricedetails" time="1.628"/>
  <testcase classname="testCases.TC008_SearchBySubCategory" name="sub_category_search" time="1.365"/>
  <testcase classname="testCases.TC001_AccountRegistrationTest" name="verify_account_registration" time="1.935"/>
  <testcase classname="testCases.TC003_LoginDDT" name="verify_ddt_login" time="2.599"/>
  <testcase classname="testCases.TC003_LoginDDT" name="verify_ddt_login" time="5.56"/>
  <testcase classname="testCases.TC003_LoginDDT" name="verify_ddt_login" time="5.609"/>
  <testcase classname="testCases.TC003_LoginDDT" name="verify_ddt_login" time="5.605"/>
  <testcase classname="testCases.TC003_LoginDDT" name="verify_ddt_login" time="1.772"/>
  <testcase classname="testCases.TC004_Invalid_Login" name="verify_invalid_login" time="1.225"/>
  <testcase classname="testCases.TC005_Logout" name="verify_logout" time="2.631"/>
  <testcase classname="testCases.TC009_ComparisionProductDisplayPage" name="compareToProduct" time="1.407"/>
  <testcase classname="testCases.TC006_SearchValidProduct" name="valid_product_search" time="0.617"/>
  <testcase classname="testCases.TC006_SearchValidProduct" name="emptySearch" time="0.693"/>
</testsuite> <!-- Test -->
