<?xml version="1.0" encoding="UTF-8"?>
<!-- Generated by org.testng.reporters.JUnitXMLReporter -->
<testsuite ignored="0" hostname="DESKTOP-JC7Q0C0" failures="1" tests="12" name="WindowsFireFoxTest" time="118.345" errors="0" timestamp="2026-06-19T12:17:10 IST">
  <testcase classname="testCases.TC002_LoginTest" name="logincredentials" time="3.047"/>
  <testcase classname="testCases.TC007_SearchByCategory" name="valid_and_invalid_Category" time="0.0">
    <failure type="org.testng.TestNGException" message="
Method public void testCases.TC007_SearchByCategory.valid_and_invalid_Category(java.lang.String) requires a @DataProvider named : testData in class utilities.DataProviders">
      <![CDATA[org.testng.TestNGException: 
Method public void testCases.TC007_SearchByCategory.valid_and_invalid_Category(java.lang.String) requires a @DataProvider named : testData in class utilities.DataProviders
at java.base/java.util.ArrayList.forEach(ArrayList.java:1596)
at java.base/java.util.concurrent.FutureTask.run(FutureTask.java:317)
at java.base/java.util.concurrent.ThreadPoolExecutor.runWorker(ThreadPoolExecutor.java:1144)
at java.base/java.util.concurrent.ThreadPoolExecutor$Worker.run(ThreadPoolExecutor.java:642)
at java.base/java.lang.Thread.run(Thread.java:1583)
... Removed 14 stack frames]]>
    </failure>
  </testcase> <!-- valid_and_invalid_Category -->
  <testcase classname="testCases.TC001_AccountRegistrationTest" name="verify_account_registration" time="4.309"/>
  <testcase classname="testCases.TC003_LoginDDT" name="verify_ddt_login" time="4.337"/>
  <testcase classname="testCases.TC003_LoginDDT" name="verify_ddt_login" time="6.816"/>
  <testcase classname="testCases.TC003_LoginDDT" name="verify_ddt_login" time="7.182"/>
  <testcase classname="testCases.TC003_LoginDDT" name="verify_ddt_login" time="7.125"/>
  <testcase classname="testCases.TC003_LoginDDT" name="verify_ddt_login" time="2.442"/>
  <testcase classname="testCases.TC004_Invalid_Login" name="verify_invalid_login" time="1.887"/>
  <testcase classname="testCases.TC005_Logout" name="verify_logout" time="3.331"/>
  <testcase classname="testCases.TC006_SearchValidProduct" name="valid_product_search" time="0.742"/>
  <testcase classname="testCases.TC006_SearchValidProduct" name="emptySearch" time="1.453"/>
</testsuite> <!-- WindowsFireFoxTest -->
