<?xml version="1.0" encoding="UTF-8"?>
<!-- Generated by org.testng.reporters.JUnitXMLReporter -->
<testsuite ignored="0" hostname="DESKTOP-JC7Q0C0" failures="0" tests="7" name="ChromeTest" time="44.914" errors="0" timestamp="2026-04-28T17:38:48 IST">
  <testcase classname="testCases.TC001_AccountRegistrationTest" name="verify_account_registration" time="3.367"/>
  <testcase classname="testCases.TC002_LoginTest" name="logincredentials" time="3.319"/>
  <testcase classname="testCases.TC003_LoginDDT" name="verify_ddt_login" time="2.936"/>
  <testcase classname="testCases.TC003_LoginDDT" name="verify_ddt_login" time="6.464"/>
  <testcase classname="testCases.TC003_LoginDDT" name="verify_ddt_login" time="6.362"/>
  <testcase classname="testCases.TC003_LoginDDT" name="verify_ddt_login" time="6.348"/>
  <testcase classname="testCases.TC003_LoginDDT" name="verify_ddt_login" time="2.325"/>
</testsuite> <!-- ChromeTest -->
