<?xml version="1.0" encoding="UTF-8"?>
<testsuite xmlns:xsi="http://www.w3.org/2001/XMLSchema-instance" xsi:noNamespaceSchemaLocation="https://maven.apache.org/surefire/maven-surefire-plugin/xsd/surefire-test-report.xsd" version="3.0.2" name="TestSuite" time="47.466" tests="7" errors="0" skipped="0" failures="0" flakes="0">
  <properties>
[...]
</properties>
  <testcase name="verify_account_registration" classname="testCases.TC001_AccountRegistrationTest" time="3.387"/>
  <testcase name="logincredentials" classname="testCases.TC002_LoginTest" time="3.321"/>
  <testcase name="verify_ddt_login[kingvirat18@gmail.com, Virat@18, valid](1)" classname="testCases.TC003_LoginDDT" time="2.938"/>
  <testcase name="verify_ddt_login[laxmi@yahoogmail.com, lax@123, invalid](2)" classname="testCases.TC003_LoginDDT" time="6.466"/>
  <testcase name="verify_ddt_login[david32@gmail.com, david#213, invalid](3)" classname="testCases.TC003_LoginDDT" time="6.362"/>
  <testcase name="verify_ddt_login[john123@gmail.com, john@#321, invalid](4)" classname="testCases.TC003_LoginDDT" time="6.348"/>
  <testcase name="verify_ddt_login[abc123@gmail.com, test@123, valid](5)" classname="testCases.TC003_LoginDDT" time="2.328"/>
</testsuite>