<?xml version="1.0" encoding="UTF-8"?>
<testng-results ignored="0" total="7" passed="7" failed="0" skipped="0">
  <reporter-output>
  </reporter-output>
  <suite started-at="2026-04-28T17:38:02 IST" name="Suite" finished-at="2026-04-28T17:38:47 IST" duration-ms="44914">
    <groups>
      <group name="Master">
        <method signature="TC001_AccountRegistrationTest.verify_account_registration()[pri:0, instance:testCases.TC001_AccountRegistrationTest@225129c]" name="verify_account_registration" class="testCases.TC001_AccountRegistrationTest"/>
        <method signature="TC002_LoginTest.logincredentials()[pri:0, instance:testCases.TC002_LoginTest@571c5681]" name="logincredentials" class="testCases.TC002_LoginTest"/>
        <method signature="TC003_LoginDDT.verify_ddt_login(java.lang.String,java.lang.String,java.lang.String)[pri:0, instance:testCases.TC003_LoginDDT@488d1cd7]" name="verify_ddt_login" class="testCases.TC003_LoginDDT"/>
      </group> <!-- Master -->
      <group name="Sanity">
        <method signature="TC001_AccountRegistrationTest.verify_account_registration()[pri:0, instance:testCases.TC001_AccountRegistrationTest@225129c]" name="verify_account_registration" class="testCases.TC001_AccountRegistrationTest"/>
        <method signature="TC002_LoginTest.logincredentials()[pri:0, instance:testCases.TC002_LoginTest@571c5681]" name="logincredentials" class="testCases.TC002_LoginTest"/>
        <method signature="TC003_LoginDDT.verify_ddt_login(java.lang.String,java.lang.String,java.lang.String)[pri:0, instance:testCases.TC003_LoginDDT@488d1cd7]" name="verify_ddt_login" class="testCases.TC003_LoginDDT"/>
      </group> <!-- Sanity -->
      <group name="DataDriven">
        <method signature="TC003_LoginDDT.verify_ddt_login(java.lang.String,java.lang.String,java.lang.String)[pri:0, instance:testCases.TC003_LoginDDT@488d1cd7]" name="verify_ddt_login" class="testCases.TC003_LoginDDT"/>
      </group> <!-- DataDriven -->
      <group name="Regression">
        <method signature="TC001_AccountRegistrationTest.verify_account_registration()[pri:0, instance:testCases.TC001_AccountRegistrationTest@225129c]" name="verify_account_registration" class="testCases.TC001_AccountRegistrationTest"/>
        <method signature="TC002_LoginTest.logincredentials()[pri:0, instance:testCases.TC002_LoginTest@571c5681]" name="logincredentials" class="testCases.TC002_LoginTest"/>
      </group> <!-- Regression -->
      <group name="Regresssion">
        <method signature="TC003_LoginDDT.verify_ddt_login(java.lang.String,java.lang.String,java.lang.String)[pri:0, instance:testCases.TC003_LoginDDT@488d1cd7]" name="verify_ddt_login" class="testCases.TC003_LoginDDT"/>
      </group> <!-- Regresssion -->
    </groups>
    <test started-at="2026-04-28T17:38:02 IST" name="ChromeTest" finished-at="2026-04-28T17:38:47 IST" duration-ms="44914">
      <class name="testCases.TC002_LoginTest">
        <test-method is-config="true" signature="setup(java.lang.String,java.lang.String)[pri:0, instance:testCases.TC002_LoginTest@571c5681]" started-at="2026-04-28T17:38:13 IST" name="setup" finished-at="2026-04-28T17:38:15 IST" duration-ms="2105" status="PASS">
          <params>
            <param index="0">
              <value>
                <![CDATA[windows]]>
              </value>
            </param>
            <param index="1">
              <value>
                <![CDATA[chrome]]>
              </value>
            </param>
          </params>
          <reporter-output>
          </reporter-output>
        </test-method> <!-- setup -->
        <test-method signature="logincredentials()[pri:0, instance:testCases.TC002_LoginTest@571c5681]" started-at="2026-04-28T17:38:15 IST" name="logincredentials" finished-at="2026-04-28T17:38:18 IST" duration-ms="3319" status="PASS">
          <reporter-output>
          </reporter-output>
        </test-method> <!-- logincredentials -->
        <test-method is-config="true" signature="tearDown()[pri:0, instance:testCases.TC002_LoginTest@571c5681]" started-at="2026-04-28T17:38:18 IST" name="tearDown" finished-at="2026-04-28T17:38:18 IST" duration-ms="234" status="PASS">
          <reporter-output>
          </reporter-output>
        </test-method> <!-- tearDown -->
      </class> <!-- testCases.TC002_LoginTest -->
      <class name="testCases.TC003_LoginDDT">
        <test-method is-config="true" signature="setup(java.lang.String,java.lang.String)[pri:0, instance:testCases.TC003_LoginDDT@488d1cd7]" started-at="2026-04-28T17:38:18 IST" name="setup" finished-at="2026-04-28T17:38:21 IST" duration-ms="2390" status="PASS">
          <params>
            <param index="0">
              <value>
                <![CDATA[windows]]>
              </value>
            </param>
            <param index="1">
              <value>
                <![CDATA[chrome]]>
              </value>
            </param>
          </params>
          <reporter-output>
          </reporter-output>
        </test-method> <!-- setup -->
        <test-method signature="verify_ddt_login(java.lang.String,java.lang.String,java.lang.String)[pri:0, instance:testCases.TC003_LoginDDT@488d1cd7]" started-at="2026-04-28T17:38:22 IST" name="verify_ddt_login" data-provider="loginData" finished-at="2026-04-28T17:38:25 IST" duration-ms="2936" status="PASS">
          <params>
            <param index="0">
              <value>
                <![CDATA[kingvirat18@gmail.com]]>
              </value>
            </param>
            <param index="1">
              <value>
                <![CDATA[Virat@18]]>
              </value>
            </param>
            <param index="2">
              <value>
                <![CDATA[valid]]>
              </value>
            </param>
          </params>
          <reporter-output>
          </reporter-output>
        </test-method> <!-- verify_ddt_login -->
        <test-method signature="verify_ddt_login(java.lang.String,java.lang.String,java.lang.String)[pri:0, instance:testCases.TC003_LoginDDT@488d1cd7]" started-at="2026-04-28T17:38:25 IST" name="verify_ddt_login" data-provider="loginData" finished-at="2026-04-28T17:38:31 IST" duration-ms="6464" status="PASS">
          <params>
            <param index="0">
              <value>
                <![CDATA[laxmi@yahoogmail.com]]>
              </value>
            </param>
            <param index="1">
              <value>
                <![CDATA[lax@123]]>
              </value>
            </param>
            <param index="2">
              <value>
                <![CDATA[invalid]]>
              </value>
            </param>
          </params>
          <reporter-output>
          </reporter-output>
        </test-method> <!-- verify_ddt_login -->
        <test-method signature="verify_ddt_login(java.lang.String,java.lang.String,java.lang.String)[pri:0, instance:testCases.TC003_LoginDDT@488d1cd7]" started-at="2026-04-28T17:38:31 IST" name="verify_ddt_login" data-provider="loginData" finished-at="2026-04-28T17:38:38 IST" duration-ms="6362" status="PASS">
          <params>
            <param index="0">
              <value>
                <![CDATA[david32@gmail.com]]>
              </value>
            </param>
            <param index="1">
              <value>
                <![CDATA[david#213]]>
              </value>
            </param>
            <param index="2">
              <value>
                <![CDATA[invalid]]>
              </value>
            </param>
          </params>
          <reporter-output>
          </reporter-output>
        </test-method> <!-- verify_ddt_login -->
        <test-method signature="verify_ddt_login(java.lang.String,java.lang.String,java.lang.String)[pri:0, instance:testCases.TC003_LoginDDT@488d1cd7]" started-at="2026-04-28T17:38:38 IST" name="verify_ddt_login" data-provider="loginData" finished-at="2026-04-28T17:38:44 IST" duration-ms="6348" status="PASS">
          <params>
            <param index="0">
              <value>
                <![CDATA[john123@gmail.com]]>
              </value>
            </param>
            <param index="1">
              <value>
                <![CDATA[john@#321]]>
              </value>
            </param>
            <param index="2">
              <value>
                <![CDATA[invalid]]>
              </value>
            </param>
          </params>
          <reporter-output>
          </reporter-output>
        </test-method> <!-- verify_ddt_login -->
        <test-method signature="verify_ddt_login(java.lang.String,java.lang.String,java.lang.String)[pri:0, instance:testCases.TC003_LoginDDT@488d1cd7]" started-at="2026-04-28T17:38:44 IST" name="verify_ddt_login" data-provider="loginData" finished-at="2026-04-28T17:38:46 IST" duration-ms="2325" status="PASS">
          <params>
            <param index="0">
              <value>
                <![CDATA[abc123@gmail.com]]>
              </value>
            </param>
            <param index="1">
              <value>
                <![CDATA[test@123]]>
              </value>
            </param>
            <param index="2">
              <value>
                <![CDATA[valid]]>
              </value>
            </param>
          </params>
          <reporter-output>
          </reporter-output>
        </test-method> <!-- verify_ddt_login -->
        <test-method is-config="true" signature="tearDown()[pri:0, instance:testCases.TC003_LoginDDT@488d1cd7]" started-at="2026-04-28T17:38:46 IST" name="tearDown" finished-at="2026-04-28T17:38:47 IST" duration-ms="295" status="PASS">
          <reporter-output>
          </reporter-output>
        </test-method> <!-- tearDown -->
      </class> <!-- testCases.TC003_LoginDDT -->
      <class name="testCases.TC001_AccountRegistrationTest">
        <test-method is-config="true" signature="setup(java.lang.String,java.lang.String)[pri:0, instance:testCases.TC001_AccountRegistrationTest@225129c]" started-at="2026-04-28T17:38:02 IST" name="setup" finished-at="2026-04-28T17:38:09 IST" duration-ms="6806" status="PASS">
          <params>
            <param index="0">
              <value>
                <![CDATA[windows]]>
              </value>
            </param>
            <param index="1">
              <value>
                <![CDATA[chrome]]>
              </value>
            </param>
          </params>
          <reporter-output>
          </reporter-output>
        </test-method> <!-- setup -->
        <test-method signature="verify_account_registration()[pri:0, instance:testCases.TC001_AccountRegistrationTest@225129c]" started-at="2026-04-28T17:38:09 IST" name="verify_account_registration" finished-at="2026-04-28T17:38:12 IST" duration-ms="3367" status="PASS">
          <reporter-output>
          </reporter-output>
        </test-method> <!-- verify_account_registration -->
        <test-method is-config="true" signature="tearDown()[pri:0, instance:testCases.TC001_AccountRegistrationTest@225129c]" started-at="2026-04-28T17:38:12 IST" name="tearDown" finished-at="2026-04-28T17:38:13 IST" duration-ms="294" status="PASS">
          <reporter-output>
          </reporter-output>
        </test-method> <!-- tearDown -->
      </class> <!-- testCases.TC001_AccountRegistrationTest -->
    </test> <!-- ChromeTest -->
  </suite> <!-- Suite -->
</testng-results>
