<?xml version="1.0" encoding="UTF-8"?>
<!-- Generated by org.testng.reporters.JUnitReportReporter -->
<testsuite hostname="DESKTOP-JC7Q0C0" failures="0" tests="6" name="testCases.TC006_SearchValidProduct" time="35.437" errors="0" timestamp="2026-06-19T12:24:43 IST" skipped="0">
  <testcase classname="testCases.TC006_SearchValidProduct" name="valid_product_search" time="7.174"/>
  <testcase classname="testCases.TC006_SearchValidProduct" name="valid_product_search" time="4.708"/>
  <testcase classname="testCases.TC006_SearchValidProduct" name="valid_product_search" time="5.524"/>
  <testcase classname="testCases.TC006_SearchValidProduct" name="emptySearch" time="5.367"/>
  <testcase classname="testCases.TC006_SearchValidProduct" name="emptySearch" time="7.398"/>
  <testcase classname="testCases.TC006_SearchValidProduct" name="emptySearch" time="5.266"/>
</testsuite> <!-- testCases.TC006_SearchValidProduct -->
