<?xml version="1.0" encoding="UTF-8"?>
<!-- Generated by org.testng.reporters.JUnitReportReporter -->
<testsuite hostname="DESKTOP-JC7Q0C0" failures="0" tests="2" name="testCases.TC006_SearchValidProduct" time="5.288" errors="0" timestamp="2026-06-19T22:44:39 IST" skipped="0">
  <testcase classname="testCases.TC006_SearchValidProduct" name="valid_product_search" time="2.765"/>
  <testcase classname="testCases.TC006_SearchValidProduct" name="emptySearch" time="2.523"/>
</testsuite> <!-- testCases.TC006_SearchValidProduct -->
