<?xml version="1.0" encoding="UTF-8"?>
<!-- Generated by org.testng.reporters.JUnitReportReporter -->
<testsuite hostname="DESKTOP-JC7Q0C0" failures="0" tests="3" name="testCases.TC004_Invalid_Login" time="21.373" errors="0" timestamp="2026-06-19T12:24:43 IST" skipped="0">
  <testcase classname="testCases.TC004_Invalid_Login" name="verify_invalid_login" time="6.874"/>
  <testcase classname="testCases.TC004_Invalid_Login" name="verify_invalid_login" time="6.559"/>
  <testcase classname="testCases.TC004_Invalid_Login" name="verify_invalid_login" time="7.940"/>
</testsuite> <!-- testCases.TC004_Invalid_Login -->
