<?xml version="1.0" encoding="UTF-8"?>
<!-- Generated by org.testng.reporters.JUnitReportReporter -->
<testsuite hostname="DESKTOP-JC7Q0C0" failures="0" tests="3" name="testCases.TC002_LoginTest" time="26.973" errors="0" timestamp="2026-06-19T12:24:43 IST" skipped="0">
  <testcase classname="testCases.TC002_LoginTest" name="logincredentials" time="7.429"/>
  <testcase classname="testCases.TC002_LoginTest" name="logincredentials" time="7.500"/>
  <testcase classname="testCases.TC002_LoginTest" name="logincredentials" time="12.044"/>
</testsuite> <!-- testCases.TC002_LoginTest -->
