<?xml version="1.0" encoding="UTF-8"?>
<!-- Generated by org.testng.reporters.JUnitReportReporter -->
<testsuite hostname="DESKTOP-JC7Q0C0" failures="0" tests="5" name="testCases.TC003_LoginDDT" time="33.356" errors="0" timestamp="2026-06-19T22:44:39 IST" skipped="0">
  <testcase classname="testCases.TC003_LoginDDT" name="verify_ddt_login" time="7.898"/>
  <testcase classname="testCases.TC003_LoginDDT" name="verify_ddt_login" time="4.347"/>
  <testcase classname="testCases.TC003_LoginDDT" name="verify_ddt_login" time="7.624"/>
  <testcase classname="testCases.TC003_LoginDDT" name="verify_ddt_login" time="5.708"/>
  <testcase classname="testCases.TC003_LoginDDT" name="verify_ddt_login" time="7.779"/>
</testsuite> <!-- testCases.TC003_LoginDDT -->
