<?xml version="1.0" encoding="UTF-8"?>
<!-- Generated by org.testng.reporters.JUnitReportReporter -->
<testsuite hostname="DESKTOP-JC7Q0C0" failures="0" tests="3" name="testCases.TC001_AccountRegistrationTest" time="26.328" errors="0" timestamp="2026-06-19T12:24:43 IST" skipped="0">
  <testcase classname="testCases.TC001_AccountRegistrationTest" name="verify_account_registration" time="7.470"/>
  <testcase classname="testCases.TC001_AccountRegistrationTest" name="verify_account_registration" time="7.792"/>
  <testcase classname="testCases.TC001_AccountRegistrationTest" name="verify_account_registration" time="11.066"/>
</testsuite> <!-- testCases.TC001_AccountRegistrationTest -->
