<?xml version="1.0" encoding="UTF-8"?>
<!-- Generated by org.testng.reporters.JUnitReportReporter -->
<testsuite hostname="DESKTOP-JC7Q0C0" failures="0" tests="3" name="testCases.TC001_AccountRegistrationTest" time="38.053" errors="0" timestamp="2026-05-08T12:42:17 IST" skipped="0">
  <testcase classname="testCases.TC001_AccountRegistrationTest" name="verify_account_registration" time="15.855"/>
  <testcase classname="testCases.TC001_AccountRegistrationTest" name="verify_account_registration" time="11.150"/>
  <testcase classname="testCases.TC001_AccountRegistrationTest" name="verify_account_registration" time="11.048"/>
</testsuite> <!-- testCases.TC001_AccountRegistrationTest -->
