<?xml version="1.0" encoding="UTF-8"?>
<!-- Generated by org.testng.reporters.JUnitReportReporter -->
<testsuite hostname="DESKTOP-JC7Q0C0" failures="0" tests="3" name="testCases.TC010_ProductDetails" time="28.537" errors="0" timestamp="2026-06-19T12:35:45 IST" skipped="0">
  <testcase classname="testCases.TC010_ProductDetails" name="productDetailsValidation" time="8.069"/>
  <testcase classname="testCases.TC010_ProductDetails" name="productDetailsValidation" time="8.128"/>
  <testcase classname="testCases.TC010_ProductDetails" name="productDetailsValidation" time="12.340"/>
</testsuite> <!-- testCases.TC010_ProductDetails -->
