<?xml version="1.0" encoding="UTF-8"?>
<!-- Generated by org.testng.reporters.JUnitReportReporter -->
<testsuite hostname="DESKTOP-JC7Q0C0" failures="0" tests="5" name="testCases.TC003_LoginDDT" time="61.337" errors="0" timestamp="2026-05-08T12:40:30 IST" skipped="0">
  <testcase classname="testCases.TC003_LoginDDT" name="verify_ddt_login" time="13.772"/>
  <testcase classname="testCases.TC003_LoginDDT" name="verify_ddt_login" time="12.806"/>
  <testcase classname="testCases.TC003_LoginDDT" name="verify_ddt_login" time="8.666"/>
  <testcase classname="testCases.TC003_LoginDDT" name="verify_ddt_login" time="14.241"/>
  <testcase classname="testCases.TC003_LoginDDT" name="verify_ddt_login" time="11.852"/>
</testsuite> <!-- testCases.TC003_LoginDDT -->
