<?xml version="1.0" encoding="UTF-8"?>
<!-- Generated by org.testng.reporters.JUnitReportReporter -->
<testsuite hostname="DESKTOP-JC7Q0C0" failures="0" tests="3" name="testCases.TC005_Logout" time="25.229" errors="0" timestamp="2026-06-19T12:24:43 IST" skipped="0">
  <testcase classname="testCases.TC005_Logout" name="verify_logout" time="8.993"/>
  <testcase classname="testCases.TC005_Logout" name="verify_logout" time="8.777"/>
  <testcase classname="testCases.TC005_Logout" name="verify_logout" time="7.459"/>
</testsuite> <!-- testCases.TC005_Logout -->
