<?xml version="1.0" encoding="UTF-8"?>
<!-- Generated by org.testng.reporters.JUnitReportReporter -->
<testsuite hostname="DESKTOP-JC7Q0C0" failures="0" tests="5" name="testCases.TC003_LoginDDT" time="24.435" errors="0" timestamp="2026-04-28T17:38:48 IST" skipped="0">
  <testcase classname="testCases.TC003_LoginDDT" name="verify_ddt_login" time="6.362"/>
  <testcase classname="testCases.TC003_LoginDDT" name="verify_ddt_login" time="2.325"/>
  <testcase classname="testCases.TC003_LoginDDT" name="verify_ddt_login" time="2.936"/>
  <testcase classname="testCases.TC003_LoginDDT" name="verify_ddt_login" time="6.348"/>
  <testcase classname="testCases.TC003_LoginDDT" name="verify_ddt_login" time="6.464"/>
</testsuite> <!-- testCases.TC003_LoginDDT -->
